#! /usr/bin/vvp
:ivl_version "10.0 (stable)";
:ivl_delay_selection "TYPICAL";
:vpi_time_precision + 0;
:vpi_module "system";
:vpi_module "vhdl_sys";
:vpi_module "v2005_math";
:vpi_module "va_math";
S_0x55bfd6c061e0 .scope module, "FETCH" "FETCH" 2 6;
 .timescale 0 0;
    .port_info 0 /INPUT 1 "clk"
    .port_info 1 /INPUT 1 "f_enable"
    .port_info 2 /INPUT 1 "write_mode"
    .port_info 3 /INPUT 32 "addr"
    .port_info 4 /INPUT 32 "data_i"
    .port_info 5 /INPUT 2 "thread"
    .port_info 6 /OUTPUT 32 "data_o"
    .port_info 7 /OUTPUT 1 "ack"
    .port_info 8 /INPUT 1 "W_CLK"
    .port_info 9 /INPUT 1 "W_ACK"
    .port_info 10 /INPUT 32 "W_DATA_I"
    .port_info 11 /OUTPUT 32 "W_DATA_O"
    .port_info 12 /OUTPUT 32 "W_ADDR"
    .port_info 13 /OUTPUT 1 "W_WRITE"
o0x7f83f747f018 .functor BUFZ 1, C4<z>; HiZ drive
v0x55bfd6c06540_0 .net "W_ACK", 0 0, o0x7f83f747f018;  0 drivers
v0x55bfd6c22050_0 .var "W_ADDR", 31 0;
o0x7f83f747f078 .functor BUFZ 1, C4<z>; HiZ drive
v0x55bfd6c22130_0 .net "W_CLK", 0 0, o0x7f83f747f078;  0 drivers
o0x7f83f747f0a8 .functor BUFZ 32, C4<zzzzzzzzzzzzzzzzzzzzzzzzzzzzzzzz>; HiZ drive
v0x55bfd6c22200_0 .net "W_DATA_I", 31 0, o0x7f83f747f0a8;  0 drivers
v0x55bfd6c222e0_0 .var "W_DATA_O", 31 0;
v0x55bfd6c22410_0 .var "W_WRITE", 0 0;
v0x55bfd6c224d0_0 .net *"_s1", 2 0, L_0x55bfd6c23530;  1 drivers
v0x55bfd6c225b0_0 .var "ack", 0 0;
o0x7f83f747f198 .functor BUFZ 32, C4<zzzzzzzzzzzzzzzzzzzzzzzzzzzzzzzz>; HiZ drive
v0x55bfd6c22670_0 .net "addr", 31 0, o0x7f83f747f198;  0 drivers
o0x7f83f747f1c8 .functor BUFZ 1, C4<z>; HiZ drive
v0x55bfd6c227e0_0 .net "clk", 0 0, o0x7f83f747f1c8;  0 drivers
o0x7f83f747f1f8 .functor BUFZ 32, C4<zzzzzzzzzzzzzzzzzzzzzzzzzzzzzzzz>; HiZ drive
v0x55bfd6c228a0_0 .net "data_i", 31 0, o0x7f83f747f1f8;  0 drivers
v0x55bfd6c22980_0 .var "data_o", 31 0;
o0x7f83f747f258 .functor BUFZ 1, C4<z>; HiZ drive
v0x55bfd6c22a60_0 .net "f_enable", 0 0, o0x7f83f747f258;  0 drivers
v0x55bfd6c22b20_0 .var "read_from_bus", 0 0;
v0x55bfd6c22be0_0 .net "reg_select", 4 0, L_0x55bfd6c23600;  1 drivers
v0x55bfd6c22cc0 .array "registers", 127 0, 31 0;
v0x55bfd6c22d80_0 .var "state", 1 0;
o0x7f83f747f318 .functor BUFZ 2, C4<zz>; HiZ drive
v0x55bfd6c22f30_0 .net "thread", 1 0, o0x7f83f747f318;  0 drivers
v0x55bfd6c22fd0_0 .var "w_ack_local", 0 0;
v0x55bfd6c23090_0 .var "w_buff", 0 0;
v0x55bfd6c23150_0 .var "w_state", 1 0;
o0x7f83f747f3d8 .functor BUFZ 1, C4<z>; HiZ drive
v0x55bfd6c23230_0 .net "write_mode", 0 0, o0x7f83f747f3d8;  0 drivers
E_0x55bfd6c082a0 .event posedge, v0x55bfd6c22130_0;
E_0x55bfd6c08ea0 .event posedge, v0x55bfd6c227e0_0;
L_0x55bfd6c23530 .part o0x7f83f747f198, 0, 3;
L_0x55bfd6c23600 .concat [ 3 2 0 0], L_0x55bfd6c23530, o0x7f83f747f318;
    .scope S_0x55bfd6c061e0;
T_0 ;
    %pushi/vec4 0, 0, 32;
    %assign/vec4 v0x55bfd6c22980_0, 0;
    %end;
    .thread T_0;
    .scope S_0x55bfd6c061e0;
T_1 ;
    %wait E_0x55bfd6c08ea0;
    %load/vec4 v0x55bfd6c22a60_0;
    %flag_set/vec4 8;
    %jmp/0xz  T_1.0, 8;
    %load/vec4 v0x55bfd6c22d80_0;
    %dup/vec4;
    %pushi/vec4 0, 0, 2;
    %cmp/u;
    %jmp/1 T_1.2, 6;
    %dup/vec4;
    %pushi/vec4 1, 0, 2;
    %cmp/u;
    %jmp/1 T_1.3, 6;
    %dup/vec4;
    %pushi/vec4 2, 0, 2;
    %cmp/u;
    %jmp/1 T_1.4, 6;
    %jmp T_1.5;
T_1.2 ;
    %load/vec4 v0x55bfd6c22670_0;
    %parti/s 4, 28, 6;
    %cmpi/e 3, 0, 4;
    %jmp/0xz  T_1.6, 4;
    %load/vec4 v0x55bfd6c23230_0;
    %flag_set/vec4 8;
    %jmp/0xz  T_1.8, 8;
    %load/vec4 v0x55bfd6c228a0_0;
    %load/vec4 v0x55bfd6c22be0_0;
    %pad/u 9;
    %ix/vec4 3;
    %ix/load 4, 0, 0; Constant delay
    %assign/vec4/a/d v0x55bfd6c22cc0, 0, 4;
    %jmp T_1.9;
T_1.8 ;
    %load/vec4 v0x55bfd6c22be0_0;
    %pad/u 9;
    %ix/vec4 4;
    %load/vec4a v0x55bfd6c22cc0, 4;
    %assign/vec4 v0x55bfd6c22980_0, 0;
T_1.9 ;
    %pushi/vec4 1, 0, 1;
    %assign/vec4 v0x55bfd6c225b0_0, 0;
    %pushi/vec4 2, 0, 2;
    %assign/vec4 v0x55bfd6c22d80_0, 0;
    %jmp T_1.7;
T_1.6 ;
    %pushi/vec4 1, 0, 1;
    %assign/vec4 v0x55bfd6c22b20_0, 0;
    %pushi/vec4 1, 0, 2;
    %assign/vec4 v0x55bfd6c22d80_0, 0;
T_1.7 ;
    %jmp T_1.5;
T_1.3 ;
    %load/vec4 v0x55bfd6c22fd0_0;
    %flag_set/vec4 8;
    %jmp/0xz  T_1.10, 8;
    %load/vec4 v0x55bfd6c23090_0;
    %pad/u 32;
    %assign/vec4 v0x55bfd6c22980_0, 0;
    %pushi/vec4 1, 0, 1;
    %assign/vec4 v0x55bfd6c225b0_0, 0;
    %pushi/vec4 2, 0, 2;
    %assign/vec4 v0x55bfd6c22d80_0, 0;
T_1.10 ;
    %jmp T_1.5;
T_1.4 ;
    %pushi/vec4 0, 0, 1;
    %assign/vec4 v0x55bfd6c225b0_0, 0;
    %pushi/vec4 0, 0, 2;
    %assign/vec4 v0x55bfd6c22d80_0, 0;
    %jmp T_1.5;
T_1.5 ;
    %pop/vec4 1;
T_1.0 ;
    %jmp T_1;
    .thread T_1;
    .scope S_0x55bfd6c061e0;
T_2 ;
    %wait E_0x55bfd6c082a0;
    %load/vec4 v0x55bfd6c22b20_0;
    %flag_set/vec4 8;
    %jmp/0xz  T_2.0, 8;
    %load/vec4 v0x55bfd6c23150_0;
    %dup/vec4;
    %pushi/vec4 0, 0, 2;
    %cmp/u;
    %jmp/1 T_2.2, 6;
    %dup/vec4;
    %pushi/vec4 1, 0, 2;
    %cmp/u;
    %jmp/1 T_2.3, 6;
    %dup/vec4;
    %pushi/vec4 2, 0, 2;
    %cmp/u;
    %jmp/1 T_2.4, 6;
    %pushi/vec4 0, 0, 1;
    %assign/vec4 v0x55bfd6c22fd0_0, 0;
    %jmp T_2.6;
T_2.2 ;
    %load/vec4 v0x55bfd6c22670_0;
    %assign/vec4 v0x55bfd6c22050_0, 0;
    %pushi/vec4 1, 0, 2;
    %assign/vec4 v0x55bfd6c23150_0, 0;
    %jmp T_2.6;
T_2.3 ;
    %load/vec4 v0x55bfd6c06540_0;
    %flag_set/vec4 8;
    %jmp/0xz  T_2.7, 8;
    %load/vec4 v0x55bfd6c22200_0;
    %pad/u 1;
    %assign/vec4 v0x55bfd6c23090_0, 0;
    %pushi/vec4 1, 0, 1;
    %assign/vec4 v0x55bfd6c22fd0_0, 0;
    %pushi/vec4 2, 0, 2;
    %assign/vec4 v0x55bfd6c23150_0, 0;
T_2.7 ;
    %jmp T_2.6;
T_2.4 ;
    %pushi/vec4 0, 0, 1;
    %assign/vec4 v0x55bfd6c22fd0_0, 0;
    %pushi/vec4 0, 0, 2;
    %assign/vec4 v0x55bfd6c23150_0, 0;
    %jmp T_2.6;
T_2.6 ;
    %pop/vec4 1;
T_2.0 ;
    %jmp T_2;
    .thread T_2;
# The file index is used to find the file name in the following table.
:file_names 3;
    "N/A";
    "<interactive>";
    "./cores/CPU/rtl/fetch.v";
